<?xml version="1.0" encoding="UTF-8"?>
<testsuite xmlns:xsi="http://www.w3.org/2001/XMLSchema-instance" xsi:noNamespaceSchemaLocation="https://maven.apache.org/surefire/maven-surefire-plugin/xsd/surefire-test-report-3.0.xsd" version="3.0" name="com.chaitu.example.SampleProjectApplicationTests" time="3.471" tests="1" errors="0" skipped="0" failures="0">
  <properties>
[...]
</properties>
  <testcase name="contextLoads" classname="com.chaitu.example.SampleProjectApplicationTests" time="0.982">
    <system-out><![CDATA[20:50:21.325 [main] INFO org.springframework.test.context.support.AnnotationConfigContextLoaderUtils -- Could not detect default configuration classes for test class [com.chaitu.example.SampleProjectApplicationTests]: SampleProjectApplicationTests does not declare any static, non-private, non-final, nested classes annotated with @Configuration.
20:50:21.457 [main] INFO org.springframework.boot.test.context.SpringBootTestContextBootstrapper -- Found @SpringBootConfiguration com.chaitu.example.SampleProjectApplication for test class com.chaitu.example.SampleProjectApplicationTests

  .   ____          _            __ _ _
 /\\ / ___'_ __ _ _(_)_ __  __ _ \ \ \ \
( ( )\___ | '_ | '_| | '_ \/ _` | \ \ \ \
 \\/  ___)| |_)| | | | | || (_| |  ) ) ) )
  '  |____| .__|_| |_|_| |_\__, | / / / /
 =========|_|==============|___/=/_/_/_/
 :: Spring Boot ::                (v3.1.5)

2023-10-29T20:50:21.943+05:30  INFO 5656 --- [           main] c.c.e.SampleProjectApplicationTests      : Starting SampleProjectApplicationTests using Java 17.0.7 with PID 5656 (started by chaitanya in D:\HANDSON_LEARNINGS\GITHUBACTIONS\github-actions)
2023-10-29T20:50:21.944+05:30  INFO 5656 --- [           main] c.c.e.SampleProjectApplicationTests      : No active profile set, falling back to 1 default profile: "default"
2023-10-29T20:50:23.533+05:30  INFO 5656 --- [           main] o.s.b.a.e.web.EndpointLinksResolver      : Exposing 1 endpoint(s) beneath base path '/actuator'
2023-10-29T20:50:23.584+05:30  INFO 5656 --- [           main] c.c.e.SampleProjectApplicationTests      : Started SampleProjectApplicationTests in 1.935 seconds (process running for 2.902)
]]></system-out>
  </testcase>
</testsuite>